#
# A fatal error has been detected by the Java Runtime Environment:
#
#  SIGSEGV (0xb) at pc=0x000000010d8034d4, pid=13497, tid=6403
#
# JRE version: OpenJDK Runtime Environment (15.0.1+9) (build 15.0.1+9-18)
# Java VM: OpenJDK 64-Bit Server VM (15.0.1+9-18, mixed mode, tiered, compressed oops, g1 gc, bsd-amd64)
# Problematic frame:
# V  [libjvm.dylib+0x34d4]  AccessInternal::PostRuntimeDispatch<G1BarrierSet::AccessBarrier<548980ull, G1BarrierSet>, (AccessInternal::BarrierType)2, 548980ull>::oop_access_barrier(void*)+0x4
#
# No core dump will be written. Core dumps have been disabled. To enable core dumping, try "ulimit -c unlimited" before starting Java again
#
# If you would like to submit a bug report, please visit:
#   https://bugreport.java.com/bugreport/crash.jsp
#

---------------  S U M M A R Y ------------

Command Line: -Dfile.encoding=UTF-8 -XX:+ShowCodeDetailsInExceptionMessages oracle.jdbc.driver.JavaToJavaConverter$131

Host: MacBookPro14,1 x86_64 2300 MHz, 4 cores, 8G, Darwin 20.2.0
Time: Tue Jan 26 15:48:17 2021 EST elapsed time: 0.266789 seconds (0d 0h 0m 0s)

---------------  T H R E A D  ---------------

Current thread (0x00007fad95008e00):  JavaThread "main" [_thread_in_vm, id=6403, stack(0x00007000018df000,0x00007000019df000)]

Stack: [0x00007000018df000,0x00007000019df000],  sp=0x00007000019dedf0,  free space=1023k
Native frames: (J=compiled Java code, A=aot compiled Java code, j=interpreted, Vv=VM code, C=native code)
V  [libjvm.dylib+0x34d4]  AccessInternal::PostRuntimeDispatch<G1BarrierSet::AccessBarrier<548980ull, G1BarrierSet>, (AccessInternal::BarrierType)2, 548980ull>::oop_access_barrier(void*)+0x4
V  [libjvm.dylib+0x517621]  jni_GetStringUTFChars+0xd1
C  [libjli.dylib+0x79ed]  PostJVMInit+0xad
C  [libjli.dylib+0x4ed8]  JavaMain+0xbb8
C  [libjli.dylib+0x7659]  ThreadJavaMain+0x9
C  [libsystem_pthread.dylib+0x6950]  _pthread_start+0xe0
C  [libsystem_pthread.dylib+0x247b]  thread_start+0xf


siginfo: si_signo: 11 (SIGSEGV), si_code: 1 (SEGV_MAPERR), si_addr: 0x0000000000000000

Register to memory mapping:

RAX=0x000000010b12b000 points into unknown readable memory: 0x0000000000000000 | 00 00 00 00 00 00 00 00
RBX=0x00007fad95009128 points into unknown readable memory: 0x000000010e3cee70 | 70 ee 3c 0e 01 00 00 00
RCX=0x000000010e3cee70: jni_NativeInterface+0 in /Applications/SpringToolSuite4.app/Contents/Eclipse/plugins/org.eclipse.justj.openjdk.hotspot.jre.full.macosx.x86_64_15.0.1.v20201027-0507/jre/lib/server/libjvm.dylib at 0x000000010d800000
RDX=0x0 is NULL
RSP=0x00007000019dedf0 is pointing into the stack for thread: 0x00007fad95008e00
RBP=0x00007000019dedf0 is pointing into the stack for thread: 0x00007fad95008e00
RSI=0x0 is NULL
RDI=0x0 is NULL
R8 ={method} {0x0000000127ca8de0} 'getCanonicalName' '()Ljava/lang/String;' in 'java/lang/Class'
R9 =0x00007fad94f5ea40 points into unknown readable memory: 0x0000000127ca8de0 | e0 8d ca 27 01 00 00 00
R10=0x000000010e44d0c0: _ZN19TemplateInterpreter13_active_tableE+0x4800 in /Applications/SpringToolSuite4.app/Contents/Eclipse/plugins/org.eclipse.justj.openjdk.hotspot.jre.full.macosx.x86_64_15.0.1.v20201027-0507/jre/lib/server/libjvm.dylib at 0x000000010d800000
R11=0x0 is NULL
R12=0x00007fad95008e00 is a thread
R13=0x0 is NULL
R14=0x0 is NULL
R15=0x0 is NULL


Registers:
RAX=0x000000010b12b000, RBX=0x00007fad95009128, RCX=0x000000010e3cee70, RDX=0x0000000000000000
RSP=0x00007000019dedf0, RBP=0x00007000019dedf0, RSI=0x0000000000000000, RDI=0x0000000000000000
R8 =0x0000000127ca8de0, R9 =0x00007fad94f5ea40, R10=0x000000010e44d0c0, R11=0x0000000000000000
R12=0x00007fad95008e00, R13=0x0000000000000000, R14=0x0000000000000000, R15=0x0000000000000000
RIP=0x000000010d8034d4, EFLAGS=0x0000000000010246, ERR=0x0000000000000004
  TRAPNO=0x000000000000000e

Top of Stack: (sp=0x00007000019dedf0)
0x00007000019dedf0:   00007000019dee80 000000010dd17621
0x00007000019dee00:   00007fad95008e00 0000000000000000
0x00007000019dee10:   000000010b137b92 00007fad95008e00
0x00007000019dee20:   07bdf720f2c700b6 00007fad95009128
0x00007000019dee30:   00007fad95008e00 0000000000000000
0x00007000019dee40:   00007fad95009128 00007fad95008e00
0x00007000019dee50:   00007000019dee80 00007fad95009128
0x00007000019dee60:   00007fad94f0b908 0000000000000000
0x00007000019dee70:   0000000000000000 00007fad94f0b900
0x00007000019dee80:   00007000019def10 000000010b1339ed
0x00007000019dee90:   00007fad95009128 00007fad95008e00
0x00007000019deea0:   00007000019deed0 000000010dd03c37
0x00007000019deeb0:   07bdf720f2c700b6 00007fad94f0b8e8
0x00007000019deec0:   00007fad94f0b908 0000000000000000
0x00007000019deed0:   00007fad95009128 00007fad95008e00
0x00007000019deee0:   00007000019def10 07bdf720f2c700b6
0x00007000019deef0:   00007fad94f0b8e8 00007fad94f0b908
0x00007000019def00:   00007fad94f0b918 00007fad94f0b900
0x00007000019def10:   00007000019defa0 000000010b130ed8
0x00007000019def20:   0000000000000000 0005b9d3c625990d
0x00007000019def30:   0000000500010002 00007fad94f04a80
0x00007000019def40:   0000000000000000 0000000000000000
0x00007000019def50:   00007fad94f049c0 0000000000000001
0x00007000019def60:   00007fad94f04940 00007fad95009128
0x00007000019def70:   000000010e3cee68 00007000019df000
0x00007000019def80:   0000000000000000 0000000000000000
0x00007000019def90:   0000000000000000 0000000000000000
0x00007000019defa0:   00007000019defb0 000000010b133659
0x00007000019defb0:   00007000019defd0 00007fff20329950
0x00007000019defc0:   0000000000000000 0000000000000000
0x00007000019defd0:   00007000019deff0 00007fff2032547b
0x00007000019defe0:   0000000000000000 0000000000000000 

Instructions: (pc=0x000000010d8034d4)
0x000000010d8033d4:   ff 0b 73 0e 48 63 c7 48 8d 0d ae 9c ae 00 8b 04
0x000000010d8033e4:   81 c3 55 48 89 e5 48 8d 3d 63 b2 a6 00 be 9c 00
0x000000010d8033f4:   00 00 e8 85 bf 2f 00 e8 90 59 82 00 31 c0 5d c3
0x000000010d803404:   66 66 66 2e 0f 1f 84 00 00 00 00 00 55 48 89 e5
0x000000010d803414:   48 8b 47 08 0f b7 48 32 0f b7 40 30 8d 44 01 19
0x000000010d803424:   5d c3 66 2e 0f 1f 84 00 00 00 00 00 55 48 89 e5
0x000000010d803434:   53 50 48 89 fb 48 8d 0d f8 ba c2 00 48 8d 05 d9
0x000000010d803444:   01 c0 00 48 8b 00 8b 40 10 ff c8 80 39 00 74 10
0x000000010d803454:   83 f8 04 73 1f 48 98 48 8d 0d 7e 44 b2 00 eb 0e
0x000000010d803464:   83 f8 04 73 0f 48 98 48 8d 0d 8e 44 b2 00 48 8b
0x000000010d803474:   04 c1 eb 21 48 8d 3d 0c b2 a6 00 48 8d 15 35 b2
0x000000010d803484:   a6 00 be e8 00 00 00 31 c0 e8 ee bc 2f 00 e8 f9
0x000000010d803494:   58 82 00 31 c0 48 89 05 90 81 bc 00 48 89 df 48
0x000000010d8034a4:   83 c4 08 5b 5d ff e0 0f 1f 44 00 00 55 48 89 e5
0x000000010d8034b4:   48 8b 07 5d c3 0f 1f 80 00 00 00 00 55 48 89 e5
0x000000010d8034c4:   48 8b 07 5d c3 0f 1f 80 00 00 00 00 55 48 89 e5
0x000000010d8034d4:   48 8b 07 5d c3 0f 1f 80 00 00 00 00 55 48 89 e5
0x000000010d8034e4:   41 57 41 56 53 50 49 89 fe 49 8b 1e 4c 8d 3d 41
0x000000010d8034f4:   d7 c5 00 49 85 1f 74 3c 48 89 df e8 dc 4f a3 00
0x000000010d803504:   48 89 c1 48 85 c9 74 29 48 89 d8 f0 49 0f b1 0e
0x000000010d803514:   48 89 c2 48 39 da 74 19 0f 1f 40 00 49 85 17 74
0x000000010d803524:   10 48 89 d0 f0 49 0f b1 0e 48 39 d0 48 89 c2 75
0x000000010d803534:   eb 48 89 cb 48 89 d8 48 83 c4 08 5b 41 5e 41 5f
0x000000010d803544:   5d c3 66 2e 0f 1f 84 00 00 00 00 00 55 48 89 e5
0x000000010d803554:   48 8b 07 5d c3 0f 1f 80 00 00 00 00 55 48 89 e5
0x000000010d803564:   48 8b 07 5d c3 0f 1f 80 00 00 00 00 55 48 89 e5
0x000000010d803574:   48 8b 07 5d c3 0f 1f 80 00 00 00 00 55 48 89 e5
0x000000010d803584:   41 57 41 56 53 50 49 89 fe 49 8b 1e 4c 8d 3d a1
0x000000010d803594:   d6 c5 00 49 85 1f 74 3c 48 89 df e8 3c 4f a3 00
0x000000010d8035a4:   48 89 c1 48 85 c9 74 29 48 89 d8 f0 49 0f b1 0e
0x000000010d8035b4:   48 89 c2 48 39 da 74 19 0f 1f 40 00 49 85 17 74
0x000000010d8035c4:   10 48 89 d0 f0 49 0f b1 0e 48 39 d0 48 89 c2 75 


Stack slot to memory mapping:
stack at sp + 0 slots: 0x00007000019dee80 is pointing into the stack for thread: 0x00007fad95008e00
stack at sp + 1 slots: 0x000000010dd17621: jni_GetStringUTFChars+0xd1 in /Applications/SpringToolSuite4.app/Contents/Eclipse/plugins/org.eclipse.justj.openjdk.hotspot.jre.full.macosx.x86_64_15.0.1.v20201027-0507/jre/lib/server/libjvm.dylib at 0x000000010d800000
stack at sp + 2 slots: 0x00007fad95008e00 is a thread
stack at sp + 3 slots: 0x0 is NULL
stack at sp + 4 slots: 0x000000010b137b92: JLI_WildcardExpandClasspath+0x2282 in /Applications/SpringToolSuite4.app/Contents/Eclipse/plugins/org.eclipse.justj.openjdk.hotspot.jre.full.macosx.x86_64_15.0.1.v20201027-0507/jre/lib/libjli.dylib at 0x000000010b12c000
stack at sp + 5 slots: 0x00007fad95008e00 is a thread
stack at sp + 6 slots: 0x07bdf720f2c700b6 is an unknown value
stack at sp + 7 slots: 0x00007fad95009128 points into unknown readable memory: 0x000000010e3cee70 | 70 ee 3c 0e 01 00 00 00


---------------  P R O C E S S  ---------------

Threads class SMR info:
_java_thread_list=0x00007fad94d3abe0, length=10, elements={
0x00007fad95008e00, 0x00007fad95069600, 0x00007fad95813a00, 0x00007fad95816400,
0x00007fad95816a00, 0x00007fad95056600, 0x00007fad95056c00, 0x00007fad95057200,
0x00007fad95055e00, 0x00007fad96011400
}

Java Threads: ( => current thread )
=>0x00007fad95008e00 JavaThread "main" [_thread_in_vm, id=6403, stack(0x00007000018df000,0x00007000019df000)]
  0x00007fad95069600 JavaThread "Reference Handler" daemon [_thread_blocked, id=15619, stack(0x0000700001ff4000,0x00007000020f4000)]
  0x00007fad95813a00 JavaThread "Finalizer" daemon [_thread_blocked, id=17667, stack(0x00007000020f7000,0x00007000021f7000)]
  0x00007fad95816400 JavaThread "Signal Dispatcher" daemon [_thread_blocked, id=42243, stack(0x0000700002300000,0x0000700002400000)]
  0x00007fad95816a00 JavaThread "Service Thread" daemon [_thread_blocked, id=41219, stack(0x0000700002403000,0x0000700002503000)]
  0x00007fad95056600 JavaThread "C2 CompilerThread0" daemon [_thread_blocked, id=23043, stack(0x0000700002506000,0x0000700002606000)]
  0x00007fad95056c00 JavaThread "C1 CompilerThread0" daemon [_thread_blocked, id=23555, stack(0x0000700002609000,0x0000700002709000)]
  0x00007fad95057200 JavaThread "Sweeper thread" daemon [_thread_blocked, id=39683, stack(0x000070000270c000,0x000070000280c000)]
  0x00007fad95055e00 JavaThread "Notification Thread" daemon [_thread_blocked, id=24579, stack(0x000070000280f000,0x000070000290f000)]
  0x00007fad96011400 JavaThread "Common-Cleaner" daemon [_thread_blocked, id=38659, stack(0x0000700002a15000,0x0000700002b15000)]

Other Threads:
  0x00007fad94e1a3e0 VMThread "VM Thread" [stack: 0x0000700001ef1000,0x0000700001ff1000] [id=18691]
  0x00007fad94e47200 WatcherThread [stack: 0x0000700002912000,0x0000700002a12000] [id=39171]
  0x00007fad94d13d90 GCTaskThread "GC Thread#0" [stack: 0x00007000019e2000,0x0000700001ae2000] [id=13059]
  0x00007fad94e110c0 ConcurrentGCThread "G1 Main Marker" [stack: 0x0000700001ae5000,0x0000700001be5000] [id=19971]
  0x00007fad94d14ad0 ConcurrentGCThread "G1 Conc#0" [stack: 0x0000700001be8000,0x0000700001ce8000] [id=19459]
  0x00007fad94f281d0 ConcurrentGCThread "G1 Refine#0" [stack: 0x0000700001ceb000,0x0000700001deb000] [id=14339]
  0x00007fad94e13380 ConcurrentGCThread "G1 Young RemSet Sampling" [stack: 0x0000700001dee000,0x0000700001eee000] [id=14595]

Threads with active compile tasks:

VM state: not at safepoint (normal execution)

VM Mutex/Monitor currently owned by a thread: None

Heap address: 0x0000000780000000, size: 2048 MB, Compressed Oops mode: Zero based, Oop shift amount: 3
CDS disabled.
Compressed class space mapped at: 0x0000000800000000-0x0000000840000000, size: 1073741824
Narrow klass base: 0x0000000800000000, Narrow klass shift: 0, Narrow klass range: 0x40000000

GC Precious Log:
 CPUs: 4 total, 4 available
 Memory: 8192M
 Large Page Support: Disabled
 NUMA Support: Disabled
 Compressed Oops: Enabled (Zero based)
 Heap Region Size: 1M
 Heap Min Capacity: 8M
 Heap Initial Capacity: 128M
 Heap Max Capacity: 2G
 Pre-touch: Disabled
 Parallel Workers: 4
 Concurrent Workers: 1
 Concurrent Refinement Workers: 4
 Periodic GC: Disabled

Heap:
 garbage-first heap   total 131072K, used 1024K [0x0000000780000000, 0x0000000800000000)
  region size 1024K, 2 young (2048K), 0 survivors (0K)
 Metaspace       used 5787K, capacity 5962K, committed 6144K, reserved 1056768K
  class space    used 466K, capacity 494K, committed 512K, reserved 1048576K

Heap Regions: E=young(eden), S=young(survivor), O=old, HS=humongous(starts), HC=humongous(continues), CS=collection set, F=free, OA=open archive, CA=closed archive, TAMS=top-at-mark-start (previous, next)
|   0|0x0000000780000000, 0x0000000780000000, 0x0000000780100000|  0%| F|  |TAMS 0x0000000780000000, 0x0000000780000000| Untracked 
|   1|0x0000000780100000, 0x0000000780100000, 0x0000000780200000|  0%| F|  |TAMS 0x0000000780100000, 0x0000000780100000| Untracked 
|   2|0x0000000780200000, 0x0000000780200000, 0x0000000780300000|  0%| F|  |TAMS 0x0000000780200000, 0x0000000780200000| Untracked 
|   3|0x0000000780300000, 0x0000000780300000, 0x0000000780400000|  0%| F|  |TAMS 0x0000000780300000, 0x0000000780300000| Untracked 
|   4|0x0000000780400000, 0x0000000780400000, 0x0000000780500000|  0%| F|  |TAMS 0x0000000780400000, 0x0000000780400000| Untracked 
|   5|0x0000000780500000, 0x0000000780500000, 0x0000000780600000|  0%| F|  |TAMS 0x0000000780500000, 0x0000000780500000| Untracked 
|   6|0x0000000780600000, 0x0000000780600000, 0x0000000780700000|  0%| F|  |TAMS 0x0000000780600000, 0x0000000780600000| Untracked 
|   7|0x0000000780700000, 0x0000000780700000, 0x0000000780800000|  0%| F|  |TAMS 0x0000000780700000, 0x0000000780700000| Untracked 
|   8|0x0000000780800000, 0x0000000780800000, 0x0000000780900000|  0%| F|  |TAMS 0x0000000780800000, 0x0000000780800000| Untracked 
|   9|0x0000000780900000, 0x0000000780900000, 0x0000000780a00000|  0%| F|  |TAMS 0x0000000780900000, 0x0000000780900000| Untracked 
|  10|0x0000000780a00000, 0x0000000780a00000, 0x0000000780b00000|  0%| F|  |TAMS 0x0000000780a00000, 0x0000000780a00000| Untracked 
|  11|0x0000000780b00000, 0x0000000780b00000, 0x0000000780c00000|  0%| F|  |TAMS 0x0000000780b00000, 0x0000000780b00000| Untracked 
|  12|0x0000000780c00000, 0x0000000780c00000, 0x0000000780d00000|  0%| F|  |TAMS 0x0000000780c00000, 0x0000000780c00000| Untracked 
|  13|0x0000000780d00000, 0x0000000780d00000, 0x0000000780e00000|  0%| F|  |TAMS 0x0000000780d00000, 0x0000000780d00000| Untracked 
|  14|0x0000000780e00000, 0x0000000780e00000, 0x0000000780f00000|  0%| F|  |TAMS 0x0000000780e00000, 0x0000000780e00000| Untracked 
|  15|0x0000000780f00000, 0x0000000780f00000, 0x0000000781000000|  0%| F|  |TAMS 0x0000000780f00000, 0x0000000780f00000| Untracked 
|  16|0x0000000781000000, 0x0000000781000000, 0x0000000781100000|  0%| F|  |TAMS 0x0000000781000000, 0x0000000781000000| Untracked 
|  17|0x0000000781100000, 0x0000000781100000, 0x0000000781200000|  0%| F|  |TAMS 0x0000000781100000, 0x0000000781100000| Untracked 
|  18|0x0000000781200000, 0x0000000781200000, 0x0000000781300000|  0%| F|  |TAMS 0x0000000781200000, 0x0000000781200000| Untracked 
|  19|0x0000000781300000, 0x0000000781300000, 0x0000000781400000|  0%| F|  |TAMS 0x0000000781300000, 0x0000000781300000| Untracked 
|  20|0x0000000781400000, 0x0000000781400000, 0x0000000781500000|  0%| F|  |TAMS 0x0000000781400000, 0x0000000781400000| Untracked 
|  21|0x0000000781500000, 0x0000000781500000, 0x0000000781600000|  0%| F|  |TAMS 0x0000000781500000, 0x0000000781500000| Untracked 
|  22|0x0000000781600000, 0x0000000781600000, 0x0000000781700000|  0%| F|  |TAMS 0x0000000781600000, 0x0000000781600000| Untracked 
|  23|0x0000000781700000, 0x0000000781700000, 0x0000000781800000|  0%| F|  |TAMS 0x0000000781700000, 0x0000000781700000| Untracked 
|  24|0x0000000781800000, 0x0000000781800000, 0x0000000781900000|  0%| F|  |TAMS 0x0000000781800000, 0x0000000781800000| Untracked 
|  25|0x0000000781900000, 0x0000000781900000, 0x0000000781a00000|  0%| F|  |TAMS 0x0000000781900000, 0x0000000781900000| Untracked 
|  26|0x0000000781a00000, 0x0000000781a00000, 0x0000000781b00000|  0%| F|  |TAMS 0x0000000781a00000, 0x0000000781a00000| Untracked 
|  27|0x0000000781b00000, 0x0000000781b00000, 0x0000000781c00000|  0%| F|  |TAMS 0x0000000781b00000, 0x0000000781b00000| Untracked 
|  28|0x0000000781c00000, 0x0000000781c00000, 0x0000000781d00000|  0%| F|  |TAMS 0x0000000781c00000, 0x0000000781c00000| Untracked 
|  29|0x0000000781d00000, 0x0000000781d00000, 0x0000000781e00000|  0%| F|  |TAMS 0x0000000781d00000, 0x0000000781d00000| Untracked 
|  30|0x0000000781e00000, 0x0000000781e00000, 0x0000000781f00000|  0%| F|  |TAMS 0x0000000781e00000, 0x0000000781e00000| Untracked 
|  31|0x0000000781f00000, 0x0000000781f00000, 0x0000000782000000|  0%| F|  |TAMS 0x0000000781f00000, 0x0000000781f00000| Untracked 
|  32|0x0000000782000000, 0x0000000782000000, 0x0000000782100000|  0%| F|  |TAMS 0x0000000782000000, 0x0000000782000000| Untracked 
|  33|0x0000000782100000, 0x0000000782100000, 0x0000000782200000|  0%| F|  |TAMS 0x0000000782100000, 0x0000000782100000| Untracked 
|  34|0x0000000782200000, 0x0000000782200000, 0x0000000782300000|  0%| F|  |TAMS 0x0000000782200000, 0x0000000782200000| Untracked 
|  35|0x0000000782300000, 0x0000000782300000, 0x0000000782400000|  0%| F|  |TAMS 0x0000000782300000, 0x0000000782300000| Untracked 
|  36|0x0000000782400000, 0x0000000782400000, 0x0000000782500000|  0%| F|  |TAMS 0x0000000782400000, 0x0000000782400000| Untracked 
|  37|0x0000000782500000, 0x0000000782500000, 0x0000000782600000|  0%| F|  |TAMS 0x0000000782500000, 0x0000000782500000| Untracked 
|  38|0x0000000782600000, 0x0000000782600000, 0x0000000782700000|  0%| F|  |TAMS 0x0000000782600000, 0x0000000782600000| Untracked 
|  39|0x0000000782700000, 0x0000000782700000, 0x0000000782800000|  0%| F|  |TAMS 0x0000000782700000, 0x0000000782700000| Untracked 
|  40|0x0000000782800000, 0x0000000782800000, 0x0000000782900000|  0%| F|  |TAMS 0x0000000782800000, 0x0000000782800000| Untracked 
|  41|0x0000000782900000, 0x0000000782900000, 0x0000000782a00000|  0%| F|  |TAMS 0x0000000782900000, 0x0000000782900000| Untracked 
|  42|0x0000000782a00000, 0x0000000782a00000, 0x0000000782b00000|  0%| F|  |TAMS 0x0000000782a00000, 0x0000000782a00000| Untracked 
|  43|0x0000000782b00000, 0x0000000782b00000, 0x0000000782c00000|  0%| F|  |TAMS 0x0000000782b00000, 0x0000000782b00000| Untracked 
|  44|0x0000000782c00000, 0x0000000782c00000, 0x0000000782d00000|  0%| F|  |TAMS 0x0000000782c00000, 0x0000000782c00000| Untracked 
|  45|0x0000000782d00000, 0x0000000782d00000, 0x0000000782e00000|  0%| F|  |TAMS 0x0000000782d00000, 0x0000000782d00000| Untracked 
|  46|0x0000000782e00000, 0x0000000782e00000, 0x0000000782f00000|  0%| F|  |TAMS 0x0000000782e00000, 0x0000000782e00000| Untracked 
|  47|0x0000000782f00000, 0x0000000782f00000, 0x0000000783000000|  0%| F|  |TAMS 0x0000000782f00000, 0x0000000782f00000| Untracked 
|  48|0x0000000783000000, 0x0000000783000000, 0x0000000783100000|  0%| F|  |TAMS 0x0000000783000000, 0x0000000783000000| Untracked 
|  49|0x0000000783100000, 0x0000000783100000, 0x0000000783200000|  0%| F|  |TAMS 0x0000000783100000, 0x0000000783100000| Untracked 
|  50|0x0000000783200000, 0x0000000783200000, 0x0000000783300000|  0%| F|  |TAMS 0x0000000783200000, 0x0000000783200000| Untracked 
|  51|0x0000000783300000, 0x0000000783300000, 0x0000000783400000|  0%| F|  |TAMS 0x0000000783300000, 0x0000000783300000| Untracked 
|  52|0x0000000783400000, 0x0000000783400000, 0x0000000783500000|  0%| F|  |TAMS 0x0000000783400000, 0x0000000783400000| Untracked 
|  53|0x0000000783500000, 0x0000000783500000, 0x0000000783600000|  0%| F|  |TAMS 0x0000000783500000, 0x0000000783500000| Untracked 
|  54|0x0000000783600000, 0x0000000783600000, 0x0000000783700000|  0%| F|  |TAMS 0x0000000783600000, 0x0000000783600000| Untracked 
|  55|0x0000000783700000, 0x0000000783700000, 0x0000000783800000|  0%| F|  |TAMS 0x0000000783700000, 0x0000000783700000| Untracked 
|  56|0x0000000783800000, 0x0000000783800000, 0x0000000783900000|  0%| F|  |TAMS 0x0000000783800000, 0x0000000783800000| Untracked 
|  57|0x0000000783900000, 0x0000000783900000, 0x0000000783a00000|  0%| F|  |TAMS 0x0000000783900000, 0x0000000783900000| Untracked 
|  58|0x0000000783a00000, 0x0000000783a00000, 0x0000000783b00000|  0%| F|  |TAMS 0x0000000783a00000, 0x0000000783a00000| Untracked 
|  59|0x0000000783b00000, 0x0000000783b00000, 0x0000000783c00000|  0%| F|  |TAMS 0x0000000783b00000, 0x0000000783b00000| Untracked 
|  60|0x0000000783c00000, 0x0000000783c00000, 0x0000000783d00000|  0%| F|  |TAMS 0x0000000783c00000, 0x0000000783c00000| Untracked 
|  61|0x0000000783d00000, 0x0000000783d00000, 0x0000000783e00000|  0%| F|  |TAMS 0x0000000783d00000, 0x0000000783d00000| Untracked 
|  62|0x0000000783e00000, 0x0000000783e00000, 0x0000000783f00000|  0%| F|  |TAMS 0x0000000783e00000, 0x0000000783e00000| Untracked 
|  63|0x0000000783f00000, 0x0000000783f00000, 0x0000000784000000|  0%| F|  |TAMS 0x0000000783f00000, 0x0000000783f00000| Untracked 
|  64|0x0000000784000000, 0x0000000784000000, 0x0000000784100000|  0%| F|  |TAMS 0x0000000784000000, 0x0000000784000000| Untracked 
|  65|0x0000000784100000, 0x0000000784100000, 0x0000000784200000|  0%| F|  |TAMS 0x0000000784100000, 0x0000000784100000| Untracked 
|  66|0x0000000784200000, 0x0000000784200000, 0x0000000784300000|  0%| F|  |TAMS 0x0000000784200000, 0x0000000784200000| Untracked 
|  67|0x0000000784300000, 0x0000000784300000, 0x0000000784400000|  0%| F|  |TAMS 0x0000000784300000, 0x0000000784300000| Untracked 
|  68|0x0000000784400000, 0x0000000784400000, 0x0000000784500000|  0%| F|  |TAMS 0x0000000784400000, 0x0000000784400000| Untracked 
|  69|0x0000000784500000, 0x0000000784500000, 0x0000000784600000|  0%| F|  |TAMS 0x0000000784500000, 0x0000000784500000| Untracked 
|  70|0x0000000784600000, 0x0000000784600000, 0x0000000784700000|  0%| F|  |TAMS 0x0000000784600000, 0x0000000784600000| Untracked 
|  71|0x0000000784700000, 0x0000000784700000, 0x0000000784800000|  0%| F|  |TAMS 0x0000000784700000, 0x0000000784700000| Untracked 
|  72|0x0000000784800000, 0x0000000784800000, 0x0000000784900000|  0%| F|  |TAMS 0x0000000784800000, 0x0000000784800000| Untracked 
|  73|0x0000000784900000, 0x0000000784900000, 0x0000000784a00000|  0%| F|  |TAMS 0x0000000784900000, 0x0000000784900000| Untracked 
|  74|0x0000000784a00000, 0x0000000784a00000, 0x0000000784b00000|  0%| F|  |TAMS 0x0000000784a00000, 0x0000000784a00000| Untracked 
|  75|0x0000000784b00000, 0x0000000784b00000, 0x0000000784c00000|  0%| F|  |TAMS 0x0000000784b00000, 0x0000000784b00000| Untracked 
|  76|0x0000000784c00000, 0x0000000784c00000, 0x0000000784d00000|  0%| F|  |TAMS 0x0000000784c00000, 0x0000000784c00000| Untracked 
|  77|0x0000000784d00000, 0x0000000784d00000, 0x0000000784e00000|  0%| F|  |TAMS 0x0000000784d00000, 0x0000000784d00000| Untracked 
|  78|0x0000000784e00000, 0x0000000784e00000, 0x0000000784f00000|  0%| F|  |TAMS 0x0000000784e00000, 0x0000000784e00000| Untracked 
|  79|0x0000000784f00000, 0x0000000784f00000, 0x0000000785000000|  0%| F|  |TAMS 0x0000000784f00000, 0x0000000784f00000| Untracked 
|  80|0x0000000785000000, 0x0000000785000000, 0x0000000785100000|  0%| F|  |TAMS 0x0000000785000000, 0x0000000785000000| Untracked 
|  81|0x0000000785100000, 0x0000000785100000, 0x0000000785200000|  0%| F|  |TAMS 0x0000000785100000, 0x0000000785100000| Untracked 
|  82|0x0000000785200000, 0x0000000785200000, 0x0000000785300000|  0%| F|  |TAMS 0x0000000785200000, 0x0000000785200000| Untracked 
|  83|0x0000000785300000, 0x0000000785300000, 0x0000000785400000|  0%| F|  |TAMS 0x0000000785300000, 0x0000000785300000| Untracked 
|  84|0x0000000785400000, 0x0000000785400000, 0x0000000785500000|  0%| F|  |TAMS 0x0000000785400000, 0x0000000785400000| Untracked 
|  85|0x0000000785500000, 0x0000000785500000, 0x0000000785600000|  0%| F|  |TAMS 0x0000000785500000, 0x0000000785500000| Untracked 
|  86|0x0000000785600000, 0x0000000785600000, 0x0000000785700000|  0%| F|  |TAMS 0x0000000785600000, 0x0000000785600000| Untracked 
|  87|0x0000000785700000, 0x0000000785700000, 0x0000000785800000|  0%| F|  |TAMS 0x0000000785700000, 0x0000000785700000| Untracked 
|  88|0x0000000785800000, 0x0000000785800000, 0x0000000785900000|  0%| F|  |TAMS 0x0000000785800000, 0x0000000785800000| Untracked 
|  89|0x0000000785900000, 0x0000000785900000, 0x0000000785a00000|  0%| F|  |TAMS 0x0000000785900000, 0x0000000785900000| Untracked 
|  90|0x0000000785a00000, 0x0000000785a00000, 0x0000000785b00000|  0%| F|  |TAMS 0x0000000785a00000, 0x0000000785a00000| Untracked 
|  91|0x0000000785b00000, 0x0000000785b00000, 0x0000000785c00000|  0%| F|  |TAMS 0x0000000785b00000, 0x0000000785b00000| Untracked 
|  92|0x0000000785c00000, 0x0000000785c00000, 0x0000000785d00000|  0%| F|  |TAMS 0x0000000785c00000, 0x0000000785c00000| Untracked 
|  93|0x0000000785d00000, 0x0000000785d00000, 0x0000000785e00000|  0%| F|  |TAMS 0x0000000785d00000, 0x0000000785d00000| Untracked 
|  94|0x0000000785e00000, 0x0000000785e00000, 0x0000000785f00000|  0%| F|  |TAMS 0x0000000785e00000, 0x0000000785e00000| Untracked 
|  95|0x0000000785f00000, 0x0000000785f00000, 0x0000000786000000|  0%| F|  |TAMS 0x0000000785f00000, 0x0000000785f00000| Untracked 
|  96|0x0000000786000000, 0x0000000786000000, 0x0000000786100000|  0%| F|  |TAMS 0x0000000786000000, 0x0000000786000000| Untracked 
|  97|0x0000000786100000, 0x0000000786100000, 0x0000000786200000|  0%| F|  |TAMS 0x0000000786100000, 0x0000000786100000| Untracked 
|  98|0x0000000786200000, 0x0000000786200000, 0x0000000786300000|  0%| F|  |TAMS 0x0000000786200000, 0x0000000786200000| Untracked 
|  99|0x0000000786300000, 0x0000000786300000, 0x0000000786400000|  0%| F|  |TAMS 0x0000000786300000, 0x0000000786300000| Untracked 
| 100|0x0000000786400000, 0x0000000786400000, 0x0000000786500000|  0%| F|  |TAMS 0x0000000786400000, 0x0000000786400000| Untracked 
| 101|0x0000000786500000, 0x0000000786500000, 0x0000000786600000|  0%| F|  |TAMS 0x0000000786500000, 0x0000000786500000| Untracked 
| 102|0x0000000786600000, 0x0000000786600000, 0x0000000786700000|  0%| F|  |TAMS 0x0000000786600000, 0x0000000786600000| Untracked 
| 103|0x0000000786700000, 0x0000000786700000, 0x0000000786800000|  0%| F|  |TAMS 0x0000000786700000, 0x0000000786700000| Untracked 
| 104|0x0000000786800000, 0x0000000786800000, 0x0000000786900000|  0%| F|  |TAMS 0x0000000786800000, 0x0000000786800000| Untracked 
| 105|0x0000000786900000, 0x0000000786900000, 0x0000000786a00000|  0%| F|  |TAMS 0x0000000786900000, 0x0000000786900000| Untracked 
| 106|0x0000000786a00000, 0x0000000786a00000, 0x0000000786b00000|  0%| F|  |TAMS 0x0000000786a00000, 0x0000000786a00000| Untracked 
| 107|0x0000000786b00000, 0x0000000786b00000, 0x0000000786c00000|  0%| F|  |TAMS 0x0000000786b00000, 0x0000000786b00000| Untracked 
| 108|0x0000000786c00000, 0x0000000786c00000, 0x0000000786d00000|  0%| F|  |TAMS 0x0000000786c00000, 0x0000000786c00000| Untracked 
| 109|0x0000000786d00000, 0x0000000786d00000, 0x0000000786e00000|  0%| F|  |TAMS 0x0000000786d00000, 0x0000000786d00000| Untracked 
| 110|0x0000000786e00000, 0x0000000786e00000, 0x0000000786f00000|  0%| F|  |TAMS 0x0000000786e00000, 0x0000000786e00000| Untracked 
| 111|0x0000000786f00000, 0x0000000786f00000, 0x0000000787000000|  0%| F|  |TAMS 0x0000000786f00000, 0x0000000786f00000| Untracked 
| 112|0x0000000787000000, 0x0000000787000000, 0x0000000787100000|  0%| F|  |TAMS 0x0000000787000000, 0x0000000787000000| Untracked 
| 113|0x0000000787100000, 0x0000000787100000, 0x0000000787200000|  0%| F|  |TAMS 0x0000000787100000, 0x0000000787100000| Untracked 
| 114|0x0000000787200000, 0x0000000787200000, 0x0000000787300000|  0%| F|  |TAMS 0x0000000787200000, 0x0000000787200000| Untracked 
| 115|0x0000000787300000, 0x0000000787300000, 0x0000000787400000|  0%| F|  |TAMS 0x0000000787300000, 0x0000000787300000| Untracked 
| 116|0x0000000787400000, 0x0000000787400000, 0x0000000787500000|  0%| F|  |TAMS 0x0000000787400000, 0x0000000787400000| Untracked 
| 117|0x0000000787500000, 0x0000000787500000, 0x0000000787600000|  0%| F|  |TAMS 0x0000000787500000, 0x0000000787500000| Untracked 
| 118|0x0000000787600000, 0x0000000787600000, 0x0000000787700000|  0%| F|  |TAMS 0x0000000787600000, 0x0000000787600000| Untracked 
| 119|0x0000000787700000, 0x0000000787700000, 0x0000000787800000|  0%| F|  |TAMS 0x0000000787700000, 0x0000000787700000| Untracked 
| 120|0x0000000787800000, 0x0000000787800000, 0x0000000787900000|  0%| F|  |TAMS 0x0000000787800000, 0x0000000787800000| Untracked 
| 121|0x0000000787900000, 0x0000000787900000, 0x0000000787a00000|  0%| F|  |TAMS 0x0000000787900000, 0x0000000787900000| Untracked 
| 122|0x0000000787a00000, 0x0000000787a00000, 0x0000000787b00000|  0%| F|  |TAMS 0x0000000787a00000, 0x0000000787a00000| Untracked 
| 123|0x0000000787b00000, 0x0000000787b00000, 0x0000000787c00000|  0%| F|  |TAMS 0x0000000787b00000, 0x0000000787b00000| Untracked 
| 124|0x0000000787c00000, 0x0000000787c00000, 0x0000000787d00000|  0%| F|  |TAMS 0x0000000787c00000, 0x0000000787c00000| Untracked 
| 125|0x0000000787d00000, 0x0000000787d00000, 0x0000000787e00000|  0%| F|  |TAMS 0x0000000787d00000, 0x0000000787d00000| Untracked 
| 126|0x0000000787e00000, 0x0000000787ed3d50, 0x0000000787f00000| 82%| E|  |TAMS 0x0000000787e00000, 0x0000000787e00000| Complete 
| 127|0x0000000787f00000, 0x0000000788000000, 0x0000000788000000|100%| E|CS|TAMS 0x0000000787f00000, 0x0000000787f00000| Complete 

Card table byte_map: [0x000000011216a000,0x000000011256a000] _byte_map_base: 0x000000010e56a000

Marking Bits (Prev, Next): (CMBitMap*) 0x00007fad9700e210, (CMBitMap*) 0x00007fad9700e250
 Prev Bits: [0x000000011296a000, 0x000000011496a000)
 Next Bits: [0x000000011496a000, 0x000000011696a000)

Polling page: 0x000000010b12a000

Metaspace:

Usage:
  Non-class:      5.34 MB capacity,     5.20 MB ( 97%) used,   145.64 KB (  3%) free+waste,     1.81 KB ( <1%) overhead. 
      Class:    494.00 KB capacity,   466.62 KB ( 94%) used,    26.70 KB (  5%) free+waste,   704 bytes ( <1%) overhead. 
       Both:      5.82 MB capacity,     5.65 MB ( 97%) used,   172.34 KB (  3%) free+waste,     2.50 KB ( <1%) overhead. 

Virtual space:
  Non-class space:        8.00 MB reserved,       5.50 MB ( 69%) committed 
      Class space:        1.00 GB reserved,     512.00 KB ( <1%) committed 
             Both:        1.01 GB reserved,       6.00 MB ( <1%) committed 

Chunk freelists:
   Non-Class:  20.00 KB
       Class:  18.00 KB
        Both:  38.00 KB

MaxMetaspaceSize: 17179869184.00 GB
CompressedClassSpaceSize: 1.00 GB

CodeHeap 'non-profiled nmethods': size=120032Kb used=32Kb max_used=32Kb free=119999Kb
 bounds [0x000000012075b000, 0x00000001209cb000, 0x0000000127c93000]
CodeHeap 'profiled nmethods': size=120028Kb used=126Kb max_used=126Kb free=119901Kb
 bounds [0x0000000119224000, 0x0000000119494000, 0x000000012075b000]
CodeHeap 'non-nmethods': size=5700Kb used=1100Kb max_used=1113Kb free=4600Kb
 bounds [0x0000000118c93000, 0x0000000118f03000, 0x0000000119224000]
 total_blobs=458 nmethods=118 adapters=254
 compilation: enabled
              stopped_count=0, restarted_count=0
 full_count=0

Compilation events (20 events):
Event: 0.248 Thread 0x00007fad95056c00  109       3       java.lang.ref.Reference::reachabilityFence (1 bytes)
Event: 0.248 Thread 0x00007fad95056c00 nmethod 109 0x0000000119240810 code [0x00000001192409a0, 0x0000000119240a70]
Event: 0.248 Thread 0x00007fad95056c00  110       3       java.nio.Buffer::checkSegment (17 bytes)
Event: 0.248 Thread 0x00007fad95056c00 nmethod 110 0x0000000119240b10 code [0x0000000119240ca0, 0x0000000119240e00]
Event: 0.248 Thread 0x00007fad95056c00  111       3       java.nio.Buffer::hasRemaining (17 bytes)
Event: 0.249 Thread 0x00007fad95056c00 nmethod 111 0x0000000119240e90 code [0x0000000119241020, 0x0000000119241170]
Event: 0.249 Thread 0x00007fad95056c00  112       3       java.nio.Buffer::nextGetIndex (30 bytes)
Event: 0.249 Thread 0x00007fad95056c00 nmethod 112 0x0000000119241210 code [0x00000001192413c0, 0x0000000119241580]
Event: 0.250 Thread 0x00007fad95056c00  113       3       java.lang.String::startsWith (138 bytes)
Event: 0.250 Thread 0x00007fad95056c00 nmethod 113 0x0000000119241690 code [0x00000001192418a0, 0x00000001192420d0]
Event: 0.250 Thread 0x00007fad95056c00  114       3       java.lang.String::isEmpty (14 bytes)
Event: 0.250 Thread 0x00007fad95056c00 nmethod 114 0x0000000119242390 code [0x0000000119242520, 0x0000000119242690]
Event: 0.252 Thread 0x00007fad95056c00  115       3       java.lang.String::indexOf (29 bytes)
Event: 0.252 Thread 0x00007fad95056c00 nmethod 115 0x0000000119242790 code [0x0000000119242940, 0x0000000119242bd0]
Event: 0.252 Thread 0x00007fad95056c00  116       3       java.util.Arrays::copyOf (19 bytes)
Event: 0.253 Thread 0x00007fad95056c00 nmethod 116 0x0000000119242c90 code [0x0000000119242e40, 0x0000000119243120]
Event: 0.253 Thread 0x00007fad95056c00  117       3       java.lang.StringLatin1::lastIndexOf (40 bytes)
Event: 0.253 Thread 0x00007fad95056c00 nmethod 117 0x0000000119243290 code [0x0000000119243440, 0x00000001192437f0]
Event: 0.253 Thread 0x00007fad95056c00  118       1       java.util.zip.Inflater$InflaterZStreamRef::address (5 bytes)
Event: 0.253 Thread 0x00007fad95056c00 nmethod 118 0x0000000120763010 code [0x00000001207631a0, 0x0000000120763250]

GC Heap History (0 events):
No events

Deoptimization events (4 events):
Event: 0.151 Thread 0x00007fad95008e00 Uncommon trap: trap_request=0xffffff45 fr.pc=0x000000012075f79c relative=0x000000000000021c
Event: 0.151 Thread 0x00007fad95008e00 Uncommon trap: reason=unstable_if action=reinterpret pc=0x000000012075f79c method=java.lang.String.hashCode()I @ 42 c2
Event: 0.151 Thread 0x00007fad95008e00 DEOPT PACKING pc=0x000000012075f79c sp=0x00007000019dd640
Event: 0.152 Thread 0x00007fad95008e00 DEOPT UNPACKING pc=0x0000000118ce1125 sp=0x00007000019dd5f8 mode 2

Classes unloaded (0 events):
No events

Classes redefined (0 events):
No events

Internal exceptions (0 events):
No events

Events (20 events):
Event: 0.243 loading class jdk/internal/jimage/decompressor/ResourceDecompressorFactory done
Event: 0.243 loading class jdk/internal/jimage/decompressor/ZipDecompressorFactory done
Event: 0.243 loading class jdk/internal/jimage/decompressor/StringSharingDecompressorFactory
Event: 0.243 loading class jdk/internal/jimage/decompressor/StringSharingDecompressorFactory done
Event: 0.243 loading class jdk/internal/jimage/decompressor/ZipDecompressor
Event: 0.243 loading class jdk/internal/jimage/decompressor/ResourceDecompressor
Event: 0.243 loading class jdk/internal/jimage/decompressor/ResourceDecompressor done
Event: 0.243 loading class jdk/internal/jimage/decompressor/ZipDecompressor done
Event: 0.243 loading class sun/net/www/protocol/jrt/Handler
Event: 0.243 loading class sun/net/www/protocol/jrt/Handler done
Event: 0.244 loading class java/lang/IllegalStateException
Event: 0.244 loading class java/lang/IllegalStateException done
Event: 0.249 loading class java/util/concurrent/ConcurrentHashMap$ForwardingNode
Event: 0.250 loading class java/util/concurrent/ConcurrentHashMap$ForwardingNode done
Event: 0.252 loading class java/lang/PublicMethods$MethodList
Event: 0.252 loading class java/lang/PublicMethods$MethodList done
Event: 0.259 loading class java/lang/PublicMethods$Key
Event: 0.259 loading class java/lang/PublicMethods$Key done
Event: 0.259 loading class java/lang/Class$EnclosingMethodInfo
Event: 0.259 loading class java/lang/Class$EnclosingMethodInfo done


Dynamic libraries:
0x00007fff2a45d000 	/usr/lib/libz.1.dylib
0x000000010b12c000 	/Applications/SpringToolSuite4.app/Contents/Eclipse/plugins/org.eclipse.justj.openjdk.hotspot.jre.full.macosx.x86_64_15.0.1.v20201027-0507/jre/lib/libjli.dylib
0x00007fff34f9b000 	/System/Library/Frameworks/Cocoa.framework/Versions/A/Cocoa
0x00007fff221d8000 	/System/Library/Frameworks/Security.framework/Versions/A/Security
0x00007fff3319a000 	/System/Library/Frameworks/ApplicationServices.framework/Versions/A/ApplicationServices
0x00007fff2a525000 	/usr/lib/libSystem.B.dylib
0x00007fff2a51f000 	/usr/lib/system/libcache.dylib
0x00007fff2a4db000 	/usr/lib/system/libcommonCrypto.dylib
0x00007fff2a505000 	/usr/lib/system/libcompiler_rt.dylib
0x00007fff2a4fa000 	/usr/lib/system/libcopyfile.dylib
0x00007fff200af000 	/usr/lib/system/libcorecrypto.dylib
0x00007fff2017b000 	/usr/lib/system/libdispatch.dylib
0x00007fff2032f000 	/usr/lib/system/libdyld.dylib
0x00007fff2a516000 	/usr/lib/system/libkeymgr.dylib
0x00007fff2d958000 	/usr/lib/system/liblaunch.dylib
0x00007fff2a4b9000 	/usr/lib/system/libmacho.dylib
0x00007fff29cd4000 	/usr/lib/system/libquarantine.dylib
0x00007fff2a513000 	/usr/lib/system/libremovefile.dylib
0x00007fff24b6d000 	/usr/lib/system/libsystem_asl.dylib
0x00007fff2005f000 	/usr/lib/system/libsystem_blocks.dylib
0x00007fff201fc000 	/usr/lib/system/libsystem_c.dylib
0x00007fff2a50d000 	/usr/lib/system/libsystem_collections.dylib
0x00007fff28fc9000 	/usr/lib/system/libsystem_configuration.dylib
0x00007fff282bd000 	/usr/lib/system/libsystem_containermanager.dylib
0x00007fff2a255000 	/usr/lib/system/libsystem_coreservices.dylib
0x00007fff2278c000 	/usr/lib/system/libsystem_darwin.dylib
0x00007fff2a517000 	/usr/lib/system/libsystem_dnssd.dylib
0x00007fff201f9000 	/usr/lib/system/libsystem_featureflags.dylib
0x00007fff20374000 	/usr/lib/system/libsystem_info.dylib
0x00007fff2a470000 	/usr/lib/system/libsystem_m.dylib
0x00007fff2014e000 	/usr/lib/system/libsystem_malloc.dylib
0x00007fff24b01000 	/usr/lib/system/libsystem_networkextension.dylib
0x00007fff22ba6000 	/usr/lib/system/libsystem_notify.dylib
0x00007fff2fe05000 	/usr/lib/system/libsystem_product_info_filter.dylib
0x00007fff28fcd000 	/usr/lib/system/libsystem_sandbox.dylib
0x00007fff2a510000 	/usr/lib/system/libsystem_secinit.dylib
0x00007fff202f4000 	/usr/lib/system/libsystem_kernel.dylib
0x00007fff2036a000 	/usr/lib/system/libsystem_platform.dylib
0x00007fff20323000 	/usr/lib/system/libsystem_pthread.dylib
0x00007fff2626b000 	/usr/lib/system/libsystem_symptoms.dylib
0x00007fff20097000 	/usr/lib/system/libsystem_trace.dylib
0x00007fff2a4e7000 	/usr/lib/system/libunwind.dylib
0x00007fff20061000 	/usr/lib/system/libxpc.dylib
0x00007fff202db000 	/usr/lib/libc++abi.dylib
0x00007fff201c0000 	/usr/lib/libobjc.A.dylib
0x00007fff2a4f2000 	/usr/lib/liboah.dylib
0x00007fff20285000 	/usr/lib/libc++.1.dylib
0x00007fff203a0000 	/System/Library/Frameworks/CoreFoundation.framework/Versions/A/CoreFoundation
0x00007fff2114d000 	/System/Library/Frameworks/Foundation.framework/Versions/C/Foundation
0x00007fff22bfe000 	/System/Library/Frameworks/AppKit.framework/Versions/C/AppKit
0x00007fff25a94000 	/System/Library/Frameworks/CoreData.framework/Versions/A/CoreData
0x00007fff23961000 	/System/Library/PrivateFrameworks/UIFoundation.framework/Versions/A/UIFoundation
0x00007fff2fb7e000 	/System/Library/PrivateFrameworks/RemoteViewServices.framework/Versions/A/RemoteViewServices
0x00007fff28987000 	/System/Library/PrivateFrameworks/XCTTargetBootstrap.framework/Versions/A/XCTTargetBootstrap
0x00007fff2b664000 	/usr/lib/libspindump.dylib
0x00007fff23bb5000 	/System/Library/Frameworks/UniformTypeIdentifiers.framework/Versions/A/UniformTypeIdentifiers
0x00007fff2715e000 	/usr/lib/libapp_launch_measurement.dylib
0x00007fff27161000 	/System/Library/PrivateFrameworks/CoreAutoLayout.framework/Versions/A/CoreAutoLayout
0x00007fff282e9000 	/System/Library/Frameworks/Metal.framework/Versions/A/Metal
0x00007fff28fd8000 	/usr/lib/liblangid.dylib
0x00007fff2898b000 	/System/Library/PrivateFrameworks/CoreSVG.framework/Versions/A/CoreSVG
0x00007fff24b9c000 	/System/Library/PrivateFrameworks/SkyLight.framework/Versions/A/SkyLight
0x00007fff24f02000 	/System/Library/Frameworks/CoreGraphics.framework/Versions/A/CoreGraphics
0x00007fff301d5000 	/System/Library/Frameworks/Accelerate.framework/Versions/A/Accelerate
0x00007fff2b09f000 	/System/Library/PrivateFrameworks/IconServices.framework/Versions/A/IconServices
0x00007fff282ce000 	/System/Library/Frameworks/IOSurface.framework/Versions/A/IOSurface
0x00007fff2641d000 	/usr/lib/libDiagnosticMessagesClient.dylib
0x00007fff28973000 	/System/Library/PrivateFrameworks/DFRFoundation.framework/Versions/A/DFRFoundation
0x00007fff2252a000 	/usr/lib/libicucore.A.dylib
0x00007fff2cba6000 	/System/Library/Frameworks/AudioToolbox.framework/Versions/A/AudioToolbox
0x00007fff2be4c000 	/System/Library/PrivateFrameworks/DataDetectorsCore.framework/Versions/A/DataDetectorsCore
0x00007fff28673000 	/System/Library/Frameworks/Carbon.framework/Versions/A/Frameworks/HIToolbox.framework/Versions/A/HIToolbox
0x00007fff26bb6000 	/System/Library/Frameworks/QuartzCore.framework/Versions/A/QuartzCore
0x00007fff2fbba000 	/System/Library/Frameworks/Carbon.framework/Versions/A/Frameworks/SpeechRecognition.framework/Versions/A/SpeechRecognition
0x00007fff26ec6000 	/System/Library/PrivateFrameworks/CoreUI.framework/Versions/A/CoreUI
0x00007fff21b34000 	/System/Library/Frameworks/CoreAudio.framework/Versions/A/CoreAudio
0x00007fff26508000 	/System/Library/Frameworks/DiskArbitration.framework/Versions/A/DiskArbitration
0x00007fff2ba5f000 	/System/Library/PrivateFrameworks/MultitouchSupport.framework/Versions/A/MultitouchSupport
0x00007fff2be43000 	/System/Library/PrivateFrameworks/InternationalSupport.framework/Versions/A/InternationalSupport
0x00007fff24b10000 	/usr/lib/libenergytrace.dylib
0x00007fff22af8000 	/System/Library/Frameworks/IOKit.framework/Versions/A/IOKit
0x00007fff2ff07000 	/System/Library/Frameworks/CoreServices.framework/Versions/A/CoreServices
0x00007fff270f4000 	/System/Library/PrivateFrameworks/PerformanceAnalysis.framework/Versions/A/PerformanceAnalysis
0x00007fff6c804000 	/System/Library/Frameworks/OpenGL.framework/Versions/A/OpenGL
0x00007fff2bec8000 	/System/Library/PrivateFrameworks/UserActivity.framework/Versions/A/UserActivity
0x00007fff25596000 	/System/Library/Frameworks/ColorSync.framework/Versions/A/ColorSync
0x00007fff28bef000 	/System/Library/Frameworks/CoreImage.framework/Versions/A/CoreImage
0x00007fff2194b000 	/System/Library/Frameworks/CoreText.framework/Versions/A/CoreText
0x00007fff289b5000 	/System/Library/Frameworks/ImageIO.framework/Versions/A/ImageIO
0x00007fff2a52b000 	/System/Library/PrivateFrameworks/SoftLinking.framework/Versions/A/SoftLinking
0x00007fff271aa000 	/usr/lib/libxml2.2.dylib
0x00007fff2a79d000 	/usr/lib/libcompression.dylib
0x00007fff24b11000 	/usr/lib/libMobileGestalt.dylib
0x00007fff2bd76000 	/System/Library/PrivateFrameworks/TextureIO.framework/Versions/A/TextureIO
0x00007fff2adc2000 	/usr/lib/libate.dylib
0x00007fff2aba8000 	/usr/lib/liblzma.5.dylib
0x00007fff20e61000 	/System/Library/Frameworks/SystemConfiguration.framework/Versions/A/SystemConfiguration
0x00007fff2a527000 	/usr/lib/libfakelink.dylib
0x00007fff24663000 	/System/Library/Frameworks/CFNetwork.framework/Versions/A/CFNetwork
0x00007fff2a667000 	/usr/lib/libarchive.2.dylib
0x00007fff20edf000 	/usr/lib/libCRFSuite.dylib
0x00007fff29cfb000 	/usr/lib/libbsm.0.dylib
0x00007fff2401f000 	/usr/lib/libnetwork.dylib
0x00007fff2a52c000 	/usr/lib/libpcap.A.dylib
0x00007fff26264000 	/usr/lib/libdns_services.dylib
0x00007fff2abc1000 	/usr/lib/libcoretls_cfhelpers.dylib
0x00007fff2a76b000 	/usr/lib/libapple_nghttp2.dylib
0x00007fff2a4bf000 	/usr/lib/system/libkxld.dylib
0x00007fff25eca000 	/usr/lib/libsqlite3.dylib
0x00007fff2a237000 	/System/Library/PrivateFrameworks/AppleFSCompression.framework/Versions/A/AppleFSCompression
0x00007fff29ce3000 	/usr/lib/libcoretls.dylib
0x00007fff2a798000 	/usr/lib/libpam.2.dylib
0x00007fff2acbd000 	/usr/lib/libxar.1.dylib
0x00007fff28fd4000 	/System/Library/PrivateFrameworks/AppleSystemInfo.framework/Versions/A/AppleSystemInfo
0x00007fff29926000 	/System/Library/PrivateFrameworks/IOMobileFramebuffer.framework/Versions/A/IOMobileFramebuffer
0x00007fff2a247000 	/usr/lib/libbz2.1.0.dylib
0x00007fff2a564000 	/usr/lib/libiconv.2.dylib
0x00007fff2a4b8000 	/usr/lib/libcharset.1.dylib
0x00007fff27130000 	/System/Library/Frameworks/CoreServices.framework/Versions/A/Frameworks/FSEvents.framework/Versions/A/FSEvents
0x00007fff22796000 	/System/Library/Frameworks/CoreServices.framework/Versions/A/Frameworks/CarbonCore.framework/Versions/A/CarbonCore
0x00007fff2646d000 	/System/Library/Frameworks/CoreServices.framework/Versions/A/Frameworks/Metadata.framework/Versions/A/Metadata
0x00007fff2a25a000 	/System/Library/Frameworks/CoreServices.framework/Versions/A/Frameworks/OSServices.framework/Versions/A/OSServices
0x00007fff2a6d9000 	/System/Library/Frameworks/CoreServices.framework/Versions/A/Frameworks/SearchKit.framework/Versions/A/SearchKit
0x00007fff261ee000 	/System/Library/Frameworks/CoreServices.framework/Versions/A/Frameworks/AE.framework/Versions/A/AE
0x00007fff2083c000 	/System/Library/Frameworks/CoreServices.framework/Versions/A/Frameworks/LaunchServices.framework/Versions/A/LaunchServices
0x00007fff2ab59000 	/System/Library/Frameworks/CoreServices.framework/Versions/A/Frameworks/DictionaryServices.framework/Versions/A/DictionaryServices
0x00007fff27139000 	/System/Library/Frameworks/CoreServices.framework/Versions/A/Frameworks/SharedFileList.framework/Versions/A/SharedFileList
0x00007fff29cd7000 	/usr/lib/libCheckFix.dylib
0x00007fff24b84000 	/System/Library/PrivateFrameworks/TCC.framework/Versions/A/TCC
0x00007fff28fda000 	/System/Library/PrivateFrameworks/CoreNLP.framework/Versions/A/CoreNLP
0x00007fff26420000 	/System/Library/PrivateFrameworks/MetadataUtilities.framework/Versions/A/MetadataUtilities
0x00007fff20f15000 	/usr/lib/libmecabra.dylib
0x00007fff29fea000 	/System/Library/Frameworks/MLCompute.framework/Versions/A/MLCompute
0x00007fff29d0c000 	/usr/lib/libmecab.dylib
0x00007fff29d56000 	/usr/lib/libgermantok.dylib
0x00007fff2a741000 	/usr/lib/libThaiTokenizer.dylib
0x00007fff2acf8000 	/usr/lib/libChineseTokenizer.dylib
0x00007fff2a796000 	/System/Library/Frameworks/MetalPerformanceShaders.framework/Versions/A/MetalPerformanceShaders
0x00007fff2650f000 	/System/Library/Frameworks/Accelerate.framework/Versions/A/Frameworks/vImage.framework/Versions/A/vImage
0x00007fff2fee0000 	/System/Library/Frameworks/Accelerate.framework/Versions/A/Frameworks/vecLib.framework/Versions/A/vecLib
0x00007fff2ad03000 	/System/Library/Frameworks/Accelerate.framework/Versions/A/Frameworks/vecLib.framework/Versions/A/libvMisc.dylib
0x00007fff2973f000 	/System/Library/Frameworks/Accelerate.framework/Versions/A/Frameworks/vecLib.framework/Versions/A/libvDSP.dylib
0x00007fff20b40000 	/System/Library/Frameworks/Accelerate.framework/Versions/A/Frameworks/vecLib.framework/Versions/A/libBLAS.dylib
0x00007fff2a7bc000 	/System/Library/Frameworks/Accelerate.framework/Versions/A/Frameworks/vecLib.framework/Versions/A/libLAPACK.dylib
0x00007fff29d5c000 	/System/Library/Frameworks/Accelerate.framework/Versions/A/Frameworks/vecLib.framework/Versions/A/libLinearAlgebra.dylib
0x00007fff2a783000 	/System/Library/Frameworks/Accelerate.framework/Versions/A/Frameworks/vecLib.framework/Versions/A/libSparseBLAS.dylib
0x00007fff2a7b6000 	/System/Library/Frameworks/Accelerate.framework/Versions/A/Frameworks/vecLib.framework/Versions/A/libQuadrature.dylib
0x00007fff29082000 	/System/Library/Frameworks/Accelerate.framework/Versions/A/Frameworks/vecLib.framework/Versions/A/libBNNS.dylib
0x00007fff20df2000 	/System/Library/Frameworks/Accelerate.framework/Versions/A/Frameworks/vecLib.framework/Versions/A/libSparse.dylib
0x00007fff28f6d000 	/System/Library/Frameworks/MetalPerformanceShaders.framework/Versions/A/Frameworks/MPSCore.framework/Versions/A/MPSCore
0x00007fff2a1a6000 	/System/Library/Frameworks/MetalPerformanceShaders.framework/Versions/A/Frameworks/MPSImage.framework/Versions/A/MPSImage
0x00007fff29d72000 	/System/Library/Frameworks/MetalPerformanceShaders.framework/Versions/A/Frameworks/MPSNeuralNetwork.framework/Versions/A/MPSNeuralNetwork
0x00007fff2a131000 	/System/Library/Frameworks/MetalPerformanceShaders.framework/Versions/A/Frameworks/MPSMatrix.framework/Versions/A/MPSMatrix
0x00007fff29f9a000 	/System/Library/Frameworks/MetalPerformanceShaders.framework/Versions/A/Frameworks/MPSRayIntersector.framework/Versions/A/MPSRayIntersector
0x00007fff2a168000 	/System/Library/Frameworks/MetalPerformanceShaders.framework/Versions/A/Frameworks/MPSNDArray.framework/Versions/A/MPSNDArray
0x00007fff20a6c000 	/System/Library/PrivateFrameworks/MetalTools.framework/Versions/A/MetalTools
0x00007fff28fd2000 	/System/Library/PrivateFrameworks/AggregateDictionary.framework/Versions/A/AggregateDictionary
0x00007fff263f8000 	/System/Library/PrivateFrameworks/CoreAnalytics.framework/Versions/A/CoreAnalytics
0x00007fff2a743000 	/System/Library/PrivateFrameworks/AppleSauce.framework/Versions/A/AppleSauce
0x00007fff282e0000 	/System/Library/PrivateFrameworks/IOAccelerator.framework/Versions/A/IOAccelerator
0x00007fff6c7f8000 	/System/Library/Frameworks/OpenGL.framework/Versions/A/Libraries/libCoreFSCache.dylib
0x00007fff214b1000 	/System/Library/PrivateFrameworks/LanguageModeling.framework/Versions/A/LanguageModeling
0x00007fff29913000 	/System/Library/PrivateFrameworks/CoreEmoji.framework/Versions/A/CoreEmoji
0x00007fff2907b000 	/System/Library/PrivateFrameworks/LinguisticData.framework/Versions/A/LinguisticData
0x00007fff20da4000 	/System/Library/PrivateFrameworks/Lexicon.framework/Versions/A/Lexicon
0x00007fff2a655000 	/usr/lib/libcmph.dylib
0x00007fff27110000 	/System/Library/Frameworks/OpenDirectory.framework/Versions/A/Frameworks/CFOpenDirectory.framework/Versions/A/CFOpenDirectory
0x00007fff27100000 	/System/Library/Frameworks/OpenDirectory.framework/Versions/A/OpenDirectory
0x00007fff2abc3000 	/System/Library/PrivateFrameworks/APFS.framework/Versions/A/APFS
0x00007fff29c38000 	/System/Library/Frameworks/SecurityFoundation.framework/Versions/A/SecurityFoundation
0x00007fff2accb000 	/usr/lib/libutil.dylib
0x00007fff22abd000 	/System/Library/PrivateFrameworks/CoreServicesStore.framework/Versions/A/CoreServicesStore
0x00007fff29ccf000 	/System/Library/Frameworks/ServiceManagement.framework/Versions/A/ServiceManagement
0x00007fff2accf000 	/usr/lib/libxslt.1.dylib
0x00007fff29cc5000 	/System/Library/PrivateFrameworks/BackgroundTaskManagement.framework/Versions/A/BackgroundTaskManagement
0x00007fff2bcc0000 	/System/Library/Frameworks/ImageIO.framework/Versions/A/Resources/libRadiance.dylib
0x00007fff2bcca000 	/System/Library/Frameworks/ImageIO.framework/Versions/A/Resources/libJPEG.dylib
0x00007fff2bc19000 	/System/Library/Frameworks/ImageIO.framework/Versions/A/Resources/libPng.dylib
0x00007fff2bc40000 	/System/Library/Frameworks/ImageIO.framework/Versions/A/Resources/libTIFF.dylib
0x00007fff2bd1f000 	/System/Library/Frameworks/ImageIO.framework/Versions/A/Resources/libGIF.dylib
0x00007fff2b97c000 	/System/Library/Frameworks/ImageIO.framework/Versions/A/Resources/libJP2.dylib
0x00007fff2b066000 	/usr/lib/libexpat.1.dylib
0x00007fff2b931000 	/System/Library/PrivateFrameworks/AppleJPEG.framework/Versions/A/AppleJPEG
0x00007fff28516000 	/System/Library/PrivateFrameworks/FontServices.framework/libFontParser.dylib
0x00007fff261a2000 	/System/Library/PrivateFrameworks/RunningBoardServices.framework/Versions/A/RunningBoardServices
0x00007fff2ba5b000 	/System/Library/PrivateFrameworks/WatchdogClient.framework/Versions/A/WatchdogClient
0x00007fff2159e000 	/System/Library/Frameworks/CoreDisplay.framework/Versions/A/CoreDisplay
0x00007fff2842c000 	/System/Library/Frameworks/CoreMedia.framework/Versions/A/CoreMedia
0x00007fff2728d000 	/System/Library/Frameworks/CoreVideo.framework/Versions/A/CoreVideo
0x00007fff2ba93000 	/System/Library/Frameworks/VideoToolbox.framework/Versions/A/VideoToolbox
0x00007fff26120000 	/System/Library/PrivateFrameworks/BaseBoard.framework/Versions/A/BaseBoard
0x00007fff2b1ab000 	/System/Library/PrivateFrameworks/PersistentConnection.framework/Versions/A/PersistentConnection
0x00007fff25eb3000 	/System/Library/PrivateFrameworks/ProtocolBuffer.framework/Versions/A/ProtocolBuffer
0x00007fff26107000 	/System/Library/PrivateFrameworks/CommonUtilities.framework/Versions/A/CommonUtilities
0x00007fff2b8c6000 	/System/Library/PrivateFrameworks/Bom.framework/Versions/A/Bom
0x00007fff2bcb9000 	/System/Library/PrivateFrameworks/GPUWrangler.framework/Versions/A/GPUWrangler
0x00007fff2bc9e000 	/System/Library/PrivateFrameworks/IOPresentment.framework/Versions/A/IOPresentment
0x00007fff2bcc4000 	/System/Library/PrivateFrameworks/DSExternalDisplay.framework/Versions/A/DSExternalDisplay
0x00007fff2bd24000 	/System/Library/PrivateFrameworks/CMCaptureCore.framework/Versions/A/CMCaptureCore
0x00007fff2b64b000 	/System/Library/PrivateFrameworks/AppServerSupport.framework/Versions/A/AppServerSupport
0x00007fff2d6f7000 	/System/Library/PrivateFrameworks/perfdata.framework/Versions/A/perfdata
0x00007fff29c27000 	/System/Library/PrivateFrameworks/AssertionServices.framework/Versions/A/AssertionServices
0x00007fff216d5000 	/System/Library/PrivateFrameworks/AudioToolboxCore.framework/Versions/A/AudioToolboxCore
0x00007fff2840f000 	/System/Library/PrivateFrameworks/caulk.framework/Versions/A/caulk
0x00007fff3d384000 	/System/Library/PrivateFrameworks/SystemPolicy.framework/Versions/A/SystemPolicy
0x00007fff2ae5b000 	/usr/lib/libIOReport.dylib
0x00007fff2cf19000 	/usr/lib/libSMC.dylib
0x00007fff2bbe6000 	/usr/lib/libAudioToolboxUtility.dylib
0x00007fff3dcee000 	/usr/lib/libmis.dylib
0x00007fff6c854000 	/System/Library/Frameworks/OpenGL.framework/Versions/A/Libraries/libGLU.dylib
0x00007fff6c817000 	/System/Library/Frameworks/OpenGL.framework/Versions/A/Libraries/libGFXShared.dylib
0x00007fff6ca26000 	/System/Library/Frameworks/OpenGL.framework/Versions/A/Libraries/libGL.dylib
0x00007fff6c820000 	/System/Library/Frameworks/OpenGL.framework/Versions/A/Libraries/libGLImage.dylib
0x00007fff6c814000 	/System/Library/Frameworks/OpenGL.framework/Versions/A/Libraries/libCVMSPluginSupport.dylib
0x00007fff6c7ff000 	/System/Library/Frameworks/OpenGL.framework/Versions/A/Libraries/libCoreVMClient.dylib
0x00007fff6de67000 	/System/Library/Frameworks/OpenCL.framework/Versions/A/OpenCL
0x00007fff2b1d5000 	/System/Library/PrivateFrameworks/GraphVisualizer.framework/Versions/A/GraphVisualizer
0x00007fff2b1e4000 	/System/Library/PrivateFrameworks/FaceCore.framework/Versions/A/FaceCore
0x00007fff2b600000 	/System/Library/PrivateFrameworks/OTSVG.framework/Versions/A/OTSVG
0x00007fff26e84000 	/System/Library/Frameworks/ApplicationServices.framework/Versions/A/Frameworks/ATS.framework/Versions/A/Resources/libFontRegistry.dylib
0x00007fff2b652000 	/System/Library/PrivateFrameworks/FontServices.framework/libhvf.dylib
0x00007fff2b012000 	/System/Library/PrivateFrameworks/AppleVA.framework/Versions/A/AppleVA
0x00007fff2cd62000 	/System/Library/Frameworks/ApplicationServices.framework/Versions/A/Frameworks/ATS.framework/Versions/A/ATS
0x00007fff2d074000 	/System/Library/Frameworks/ApplicationServices.framework/Versions/A/Frameworks/ColorSyncLegacy.framework/Versions/A/ColorSyncLegacy
0x00007fff2568d000 	/System/Library/Frameworks/ApplicationServices.framework/Versions/A/Frameworks/HIServices.framework/Versions/A/HIServices
0x00007fff2d059000 	/System/Library/Frameworks/ApplicationServices.framework/Versions/A/Frameworks/LangAnalysis.framework/Versions/A/LangAnalysis
0x00007fff2bd2e000 	/System/Library/Frameworks/ApplicationServices.framework/Versions/A/Frameworks/PrintCore.framework/Versions/A/PrintCore
0x00007fff2d07c000 	/System/Library/Frameworks/ApplicationServices.framework/Versions/A/Frameworks/QD.framework/Versions/A/QD
0x00007fff2cd52000 	/System/Library/Frameworks/ApplicationServices.framework/Versions/A/Frameworks/SpeechSynthesis.framework/Versions/A/SpeechSynthesis
0x00007fff2bcef000 	/System/Library/Frameworks/ApplicationServices.framework/Versions/A/Frameworks/ATSUI.framework/Versions/A/ATSUI
0x00007fff2cff9000 	/usr/lib/libcups.2.dylib
0x00007fff2d069000 	/System/Library/PrivateFrameworks/NetAuth.framework/Versions/A/NetAuth
0x00007fff2d713000 	/System/Library/Frameworks/Kerberos.framework/Versions/A/Kerberos
0x00007fff2d723000 	/System/Library/Frameworks/GSS.framework/Versions/A/GSS
0x00007fff2cdce000 	/usr/lib/libresolv.9.dylib
0x00007fff2b667000 	/System/Library/PrivateFrameworks/Heimdal.framework/Versions/A/Heimdal
0x00007fff3349a000 	/System/Library/Frameworks/Kerberos.framework/Versions/A/Libraries/libHeimdalProxy.dylib
0x00007fff26273000 	/System/Library/Frameworks/Network.framework/Versions/A/Network
0x00007fff2b080000 	/usr/lib/libheimdal-asn1.dylib
0x00007fff2d773000 	/System/Library/PrivateFrameworks/CommonAuth.framework/Versions/A/CommonAuth
0x00007fff272da000 	/System/Library/PrivateFrameworks/login.framework/Versions/A/Frameworks/loginsupport.framework/Versions/A/loginsupport
0x00007fff2ccd7000 	/System/Library/PrivateFrameworks/AudioSession.framework/Versions/A/AudioSession
0x00007fff2cd3f000 	/usr/lib/libAudioStatistics.dylib
0x00007fff2b10d000 	/System/Library/PrivateFrameworks/MediaExperience.framework/Versions/A/MediaExperience
0x00007fff2cb74000 	/System/Library/PrivateFrameworks/AudioSession.framework/libSessionUtility.dylib
0x00007fff2d704000 	/usr/lib/libperfcheck.dylib
0x00007fff2d088000 	/System/Library/PrivateFrameworks/AudioResourceArbitration.framework/Versions/A/AudioResourceArbitration
0x00007fff2b08a000 	/System/Library/PrivateFrameworks/IconFoundation.framework/Versions/A/IconFoundation
0x00007fff2fbaa000 	/System/Library/PrivateFrameworks/SpeechRecognitionCore.framework/Versions/A/SpeechRecognitionCore
0x000000010d800000 	/Applications/SpringToolSuite4.app/Contents/Eclipse/plugins/org.eclipse.justj.openjdk.hotspot.jre.full.macosx.x86_64_15.0.1.v20201027-0507/jre/lib/server/libjvm.dylib
0x000000010b152000 	/Applications/SpringToolSuite4.app/Contents/Eclipse/plugins/org.eclipse.justj.openjdk.hotspot.jre.full.macosx.x86_64_15.0.1.v20201027-0507/jre/lib/libjimage.dylib
0x000000010b1a6000 	/Applications/SpringToolSuite4.app/Contents/Eclipse/plugins/org.eclipse.justj.openjdk.hotspot.jre.full.macosx.x86_64_15.0.1.v20201027-0507/jre/lib/libjava.dylib
0x000000011896a000 	/Applications/SpringToolSuite4.app/Contents/Eclipse/plugins/org.eclipse.justj.openjdk.hotspot.jre.full.macosx.x86_64_15.0.1.v20201027-0507/jre/lib/libzip.dylib
0x0000000118981000 	/Applications/SpringToolSuite4.app/Contents/Eclipse/plugins/org.eclipse.justj.openjdk.hotspot.jre.full.macosx.x86_64_15.0.1.v20201027-0507/jre/lib/libnio.dylib
0x0000000118995000 	/Applications/SpringToolSuite4.app/Contents/Eclipse/plugins/org.eclipse.justj.openjdk.hotspot.jre.full.macosx.x86_64_15.0.1.v20201027-0507/jre/lib/libnet.dylib


VM Arguments:
jvm_args: -Dfile.encoding=UTF-8 -XX:+ShowCodeDetailsInExceptionMessages 
java_command: oracle.jdbc.driver.JavaToJavaConverter$131
java_class_path (initial): /Users/solomonyismaw/Revature/Expense-management/target/classes:/Users/solomonyismaw/.m2/repository/junit/junit/4.12/junit-4.12.jar:/Users/solomonyismaw/.m2/repository/org/hamcrest/hamcrest-core/1.3/hamcrest-core-1.3.jar:/Users/solomonyismaw/.m2/repository/com/oracle/database/jdbc/ojdbc10/19.8.0.0/ojdbc10-19.8.0.0.jar:/Users/solomonyismaw/.m2/repository/com/fasterxml/jackson/core/jackson-databind/2.11.2/jackson-databind-2.11.2.jar:/Users/solomonyismaw/.m2/repository/com/fasterxml/jackson/core/jackson-annotations/2.11.2/jackson-annotations-2.11.2.jar:/Users/solomonyismaw/.m2/repository/com/fasterxml/jackson/core/jackson-core/2.11.2/jackson-core-2.11.2.jar:/Users/solomonyismaw/.m2/repository/javax/servlet/servlet-api/2.5/servlet-api-2.5.jar:/Users/solomonyismaw/.m2/repository/org/apache/tomcat/tomcat-catalina/7.0.42/tomcat-catalina-7.0.42.jar:/Users/solomonyismaw/.m2/repository/org/apache/tomcat/tomcat-servlet-api/7.0.42/tomcat-servlet-api-7.0.42.jar:/Users/solomonyismaw/.m2/repository/org/apache/tomcat/tomcat-juli/7.0.42/tomcat-juli-7.0.42.jar:/Users/solomonyismaw/.m2/repository/org/apache/tomcat/tomcat-annotations-api/7.0.42/tomcat-annotations-api-7.0.42.jar:/Users/solomonyismaw/.m2/repository/org/apache/tomcat/tomcat-api/7.0.42/tomcat-api-7.0.42.jar:/Users/solomonyismaw/.m2/repository/org/apache/tomcat/tomcat-util/7.0.42/tomcat-util-7.0.42.jar
Launcher Type: SUN_STANDARD

[Global flags]
     intx CICompilerCount                          = 3                                         {product} {ergonomic}
     uint ConcGCThreads                            = 1                                         {product} {ergonomic}
     uint G1ConcRefinementThreads                  = 4                                         {product} {ergonomic}
   size_t G1HeapRegionSize                         = 1048576                                   {product} {ergonomic}
    uintx GCDrainStackTargetSize                   = 64                                        {product} {ergonomic}
   size_t InitialHeapSize                          = 134217728                                 {product} {ergonomic}
   size_t MarkStackSize                            = 4194304                                   {product} {ergonomic}
   size_t MaxHeapSize                              = 2147483648                                {product} {ergonomic}
   size_t MaxNewSize                               = 1287651328                                {product} {ergonomic}
   size_t MinHeapDeltaBytes                        = 1048576                                   {product} {ergonomic}
   size_t MinHeapSize                              = 8388608                                   {product} {ergonomic}
    uintx NonNMethodCodeHeapSize                   = 5832780                                {pd product} {ergonomic}
    uintx NonProfiledCodeHeapSize                  = 122912730                              {pd product} {ergonomic}
    uintx ProfiledCodeHeapSize                     = 122912730                              {pd product} {ergonomic}
    uintx ReservedCodeCacheSize                    = 251658240                              {pd product} {ergonomic}
     bool SegmentedCodeCache                       = true                                      {product} {ergonomic}
     bool ShowCodeDetailsInExceptionMessages       = true                                   {manageable} {command line}
   size_t SoftMaxHeapSize                          = 2147483648                             {manageable} {ergonomic}
     bool UseCompressedClassPointers               = true                                 {lp64_product} {ergonomic}
     bool UseCompressedOops                        = true                                 {lp64_product} {ergonomic}
     bool UseG1GC                                  = true                                      {product} {ergonomic}
     bool UseNUMA                                  = false                                     {product} {ergonomic}
     bool UseNUMAInterleaving                      = false                                     {product} {ergonomic}

Logging:
Log output configuration:
 #0: stdout all=warning uptime,level,tags
 #1: stderr all=off uptime,level,tags

Environment Variables:
PATH=/usr/bin:/bin:/usr/sbin:/sbin
SHELL=/bin/zsh

Signal Handlers:
SIGSEGV: [libjvm.dylib+0xa00020], sa_mask[0]=11111111011111110111111111111111, sa_flags=SA_ONSTACK|SA_RESTART|SA_SIGINFO
SIGBUS: [libjvm.dylib+0xa00020], sa_mask[0]=11111111011111110111111111111111, sa_flags=SA_RESTART|SA_SIGINFO
SIGFPE: [libjvm.dylib+0xa00020], sa_mask[0]=11111111011111110111111111111111, sa_flags=SA_RESTART|SA_SIGINFO
SIGPIPE: [libjvm.dylib+0x82b7f0], sa_mask[0]=11111111011111110111111111111111, sa_flags=SA_RESTART|SA_SIGINFO
SIGXFSZ: [libjvm.dylib+0x82b7f0], sa_mask[0]=11111111011111110111111111111111, sa_flags=SA_RESTART|SA_SIGINFO
SIGILL: [libjvm.dylib+0xa00020], sa_mask[0]=11111111011111110111111111111111, sa_flags=SA_RESTART|SA_SIGINFO
SIGUSR2: [libjvm.dylib+0x82c300], sa_mask[0]=00100000000000000000000000000000, sa_flags=SA_RESTART|SA_SIGINFO
SIGHUP: [libjvm.dylib+0x82aa00], sa_mask[0]=11111111011111110111111111111111, sa_flags=SA_RESTART|SA_SIGINFO
SIGINT: [libjvm.dylib+0x82aa00], sa_mask[0]=11111111011111110111111111111111, sa_flags=SA_RESTART|SA_SIGINFO
SIGTERM: [libjvm.dylib+0x82aa00], sa_mask[0]=11111111011111110111111111111111, sa_flags=SA_RESTART|SA_SIGINFO
SIGQUIT: [libjvm.dylib+0x82aa00], sa_mask[0]=11111111011111110111111111111111, sa_flags=SA_RESTART|SA_SIGINFO


---------------  S Y S T E M  ---------------

OS:uname: Darwin 20.2.0 Darwin Kernel Version 20.2.0: Wed Dec  2 20:39:59 PST 2020; root:xnu-7195.60.75~1/RELEASE_X86_64 x86_64
OS uptime: 0 days 5:59 hours
rlimit (soft/hard): STACK 8192k/65532k , CORE 0k/infinity , NPROC 1392/2088 , NOFILE 10240/infinity , AS infinity/infinity , CPU infinity/infinity , DATA infinity/infinity , FSIZE infinity/infinity , MEMLOCK infinity/infinity , RSS infinity/infinity
load average: 3.04 2.56 2.76

CPU: total 4 (initial active 4) (2 cores per cpu, 2 threads per core) family 6 model 142 stepping 9 microcode 0xde, cmov, cx8, fxsr, mmx, sse, sse2, sse3, ssse3, sse4.1, sse4.2, popcnt, vzeroupper, avx, avx2, aes, clmul, erms, rtm, 3dnowpref, lzcnt, ht, tsc, tscinvbit, bmi1, bmi2, adx, fma, clflush, clflushopt

Memory: 4k page, physical 8388608k(46532k free), swap 2097152k(1208320k free)

vm_info: OpenJDK 64-Bit Server VM (15.0.1+9-18) for bsd-amd64 JRE (15.0.1+9-18), built on Sep 15 2020 13:39:50 by "mach5one" with clang 4.2.1 Compatible Apple LLVM 10.0.0 (clang-1000.11.45.5)

END.
